Arguments: 
  /usr/bin/node /usr/share/yarn/bin/yarn.js add react@^16 deepmerge

PATH: 
  /home/hashim/.yarn/bin:/usr/local/sbin:/usr/local/bin:/usr/sbin:/usr/bin:/sbin:/bin:/usr/games:/usr/local/games:/snap/bin

Yarn version: 
  1.13.0

Node version: 
  8.15.0

Platform: 
  linux x64

Trace: 
  Error: getaddrinfo ENOTFOUND registry.yarnpkg.com registry.yarnpkg.com:443
      at GetAddrInfoReqWrap.onlookup [as oncomplete] (dns.js:67:26)

npm manifest: 
  {
    "scripts": {
      "storybook:start": "bluebase storybook:start"
    }
  }

yarn manifest: 
  No manifest

Lockfile: 
  No lockfile
